Using pre-set license
Built from '2020.3/staging' branch; Version is '2020.3.35f1 (18e4db7a9996) revision 1631451'; Using compiler version '192528614'; Build Type 'Release'
OS: 'Windows 10  (10.0.18363) 64bit Professional' Language: 'ru' Physical Memory: 12185 MB
BatchMode: 1, IsHumanControllingUs: 0, StartBugReporterOnCrash: 0, Is64bit: 1, IsPro: 0

COMMAND LINE ARGUMENTS:
C:\Program Files\Unity\Hub\Editor\2020.3.35f1\Editor\Unity.exe
-adb2
-batchMode
-noUpm
-name
AssetImportWorker0
-projectPath
C:/unityProjects/Street Racer/Street Racer
-logFile
Logs/AssetImportWorker0.log
-srvPort
59376
Successfully changed project path to: C:/unityProjects/Street Racer/Street Racer
C:/unityProjects/Street Racer/Street Racer
Using Asset Import Pipeline V2.
Refreshing native plugins compatible for Editor in 57.36 ms, found 2 plugins.
Preloading 0 native plugins for Editor in 0.00 ms.
Initialize engine version: 2020.3.35f1 (18e4db7a9996)
[Subsystems] Discovering subsystems at path C:/Program Files/Unity/Hub/Editor/2020.3.35f1/Editor/Data/Resources/UnitySubsystems
[Subsystems] Discovering subsystems at path C:/unityProjects/Street Racer/Street Racer/Assets
GfxDevice: creating device client; threaded=0
Direct3D:
    Version:  Direct3D 11.0 [level 11.1]
    Renderer: Intel(R) HD Graphics Family (ID=0xa16)
    Vendor:   
    VRAM:     2048 MB
    Driver:   20.19.15.5126
Initialize mono
Mono path[0] = 'C:/Program Files/Unity/Hub/Editor/2020.3.35f1/Editor/Data/Managed'
Mono path[1] = 'C:/Program Files/Unity/Hub/Editor/2020.3.35f1/Editor/Data/MonoBleedingEdge/lib/mono/unityjit'
Mono config path = 'C:/Program Files/Unity/Hub/Editor/2020.3.35f1/Editor/Data/MonoBleedingEdge/etc'
Using monoOptions --debugger-agent=transport=dt_socket,embedding=1,server=y,suspend=n,address=127.0.0.1:56436
Begin MonoManager ReloadAssembly
Registering precompiled unity dll's ...
Register platform support module: C:/Program Files/Unity/Hub/Editor/2020.3.35f1/Editor/Data/PlaybackEngines/WindowsStandaloneSupport/UnityEditor.WindowsStandalone.Extensions.dll
Registered in 0.003190 seconds.
Native extension for WindowsStandalone target not found
Refreshing native plugins compatible for Editor in 47.48 ms, found 2 plugins.
Preloading 0 native plugins for Editor in 0.00 ms.
Mono: successfully reloaded assembly
- Completed reload, in  0.943 seconds
Domain Reload Profiling:
	ReloadAssembly (944ms)
		BeginReloadAssembly (95ms)
			ExecutionOrderSort (0ms)
			DisableScriptedObjects (0ms)
			BackupInstance (0ms)
			ReleaseScriptingObjects (0ms)
			CreateAndSetChildDomain (1ms)
		EndReloadAssembly (739ms)
			LoadAssemblies (92ms)
			RebuildTransferFunctionScriptingTraits (0ms)
			SetupTypeCache (267ms)
			ReleaseScriptCaches (0ms)
			RebuildScriptCaches (59ms)
			SetupLoadedEditorAssemblies (236ms)
				LogAssemblyErrors (0ms)
				InitializePlatformSupportModulesInManaged (7ms)
				SetLoadedEditorAssemblies (0ms)
				RefreshPlugins (48ms)
				BeforeProcessingInitializeOnLoad (24ms)
				ProcessInitializeOnLoadAttributes (118ms)
				ProcessInitializeOnLoadMethodAttributes (39ms)
				AfterProcessingInitializeOnLoad (0ms)
				EditorAssembliesLoaded (0ms)
			ExecutionOrderSort2 (0ms)
			AwakeInstancesAfterBackupRestoration (0ms)
Platform modules already initialized, skipping
Registering precompiled user dll's ...
Registered in 0.004193 seconds.
Begin MonoManager ReloadAssembly
Native extension for WindowsStandalone target not found
Refreshing native plugins compatible for Editor in 0.42 ms, found 2 plugins.
Preloading 0 native plugins for Editor in 0.00 ms.
Mono: successfully reloaded assembly
- Completed reload, in  1.536 seconds
Domain Reload Profiling:
	ReloadAssembly (1537ms)
		BeginReloadAssembly (240ms)
			ExecutionOrderSort (0ms)
			DisableScriptedObjects (7ms)
			BackupInstance (0ms)
			ReleaseScriptingObjects (0ms)
			CreateAndSetChildDomain (30ms)
		EndReloadAssembly (1204ms)
			LoadAssemblies (141ms)
			RebuildTransferFunctionScriptingTraits (0ms)
			SetupTypeCache (417ms)
			ReleaseScriptCaches (1ms)
			RebuildScriptCaches (66ms)
			SetupLoadedEditorAssemblies (453ms)
				LogAssemblyErrors (0ms)
				InitializePlatformSupportModulesInManaged (7ms)
				SetLoadedEditorAssemblies (1ms)
				RefreshPlugins (1ms)
				BeforeProcessingInitializeOnLoad (118ms)
				ProcessInitializeOnLoadAttributes (296ms)
				ProcessInitializeOnLoadMethodAttributes (21ms)
				AfterProcessingInitializeOnLoad (9ms)
				EditorAssembliesLoaded (1ms)
			ExecutionOrderSort2 (0ms)
			AwakeInstancesAfterBackupRestoration (3ms)
Platform modules already initialized, skipping
========================================================================
Worker process is ready to serve import requests
Launched and connected shader compiler UnityShaderCompiler.exe after 0.13 seconds
Refreshing native plugins compatible for Editor in 0.70 ms, found 2 plugins.
Preloading 0 native plugins for Editor in 0.00 ms.
Unloading 1537 Unused Serialized files (Serialized files now loaded: 0)
System memory in use before: 73.6 MB.
System memory in use after: 73.7 MB.

Unloading 16 unused Assets to reduce memory usage. Loaded Objects now: 1979.
Total: 4.103100 ms (FindLiveObjects: 0.188900 ms CreateObjectMapping: 0.093200 ms MarkObjects: 3.714600 ms  DeleteObjects: 0.105200 ms)

AssetImportParameters requested are different than current active one (requested -> active):
  custom:framework-win-MediaFoundation: 216162199b28c13a410421893ffa2e32 -> 
  custom:video-decoder-ogg-theora: a1e56fd34408186e4bbccfd4996cb3dc -> 
  custom:container-muxer-webm: aa71ff27fc2769a1b78a27578f13a17b -> 
  custom:container-demuxer-webm: 4f35f7cbe854078d1ac9338744f61a02 -> 
  custom:container-demuxer-ogg: 62fdf1f143b41e24485cea50d1cbac27 -> 
  custom:video-encoder-webm-vp8: eb34c28f22e8b96e1ab97ce403110664 -> 
  custom:video-decoder-webm-vp8: 9c59270c3fd7afecdb556c50c9e8de78 -> 
  custom:audio-decoder-ogg-vorbis: bf7c407c2cedff20999df2af8eb42d56 -> 
  custom:audio-encoder-webm-vorbis: bf7c407c2cedff20999df2af8eb42d56 -> 
========================================================================
Received Import Request.
  path: Assets/BrokenVector/LowPolyShaders
  artifactKey: Guid(ac0a9484cf97e024aaf3db7b1ec62b24) Importer(815301076,1909f56bfc062723c751e8b465ee728b)
Start importing Assets/BrokenVector/LowPolyShaders using Guid(ac0a9484cf97e024aaf3db7b1ec62b24) Importer(815301076,1909f56bfc062723c751e8b465ee728b)  -> (artifact id: '0ffa1953eae890f1a93314e7cc76aded') in 0.011942 seconds 
========================================================================
Received Import Request.
  Time since last request: 0.000297 seconds.
  path: Assets/BrokenVector
  artifactKey: Guid(90017bac565059e48921ec6b28fb040e) Importer(815301076,1909f56bfc062723c751e8b465ee728b)
Start importing Assets/BrokenVector using Guid(90017bac565059e48921ec6b28fb040e) Importer(815301076,1909f56bfc062723c751e8b465ee728b)  -> (artifact id: '8e1853d44c9ffe4c1bd60c2b92122180') in 0.031885 seconds 
========================================================================
Received Import Request.
  Time since last request: 5.782829 seconds.
  path: Assets/BrokenVector/LowPolyCarPack/Prefabs
  artifactKey: Guid(aa3ed4ddba8b2fc45b01c975db0155f9) Importer(815301076,1909f56bfc062723c751e8b465ee728b)
Start importing Assets/BrokenVector/LowPolyCarPack/Prefabs using Guid(aa3ed4ddba8b2fc45b01c975db0155f9) Importer(815301076,1909f56bfc062723c751e8b465ee728b)  -> (artifact id: 'dfab73d8b7243dc46fb8cab7915c7757') in 0.028925 seconds 
========================================================================
Received Import Request.
  Time since last request: 272.033070 seconds.
  path: Assets/BrokenVector/LowPolyCarPack/Prefabs/Car_3_Yellow.prefab
  artifactKey: Guid(610632f6f09812d4aa5ce111a109eb86) Importer(815301076,1909f56bfc062723c751e8b465ee728b)
Start importing Assets/BrokenVector/LowPolyCarPack/Prefabs/Car_3_Yellow.prefab using Guid(610632f6f09812d4aa5ce111a109eb86) Importer(815301076,1909f56bfc062723c751e8b465ee728b)  -> (artifact id: '0dca653c79ba3a6854726101d76a9381') in 0.199628 seconds 
========================================================================
Received Import Request.
  Time since last request: 0.000306 seconds.
  path: Assets/BrokenVector/LowPolyCarPack/Prefabs/Car_4_Purple.prefab
  artifactKey: Guid(af1ac63e97bac7443a056ef936b7d425) Importer(815301076,1909f56bfc062723c751e8b465ee728b)
Start importing Assets/BrokenVector/LowPolyCarPack/Prefabs/Car_4_Purple.prefab using Guid(af1ac63e97bac7443a056ef936b7d425) Importer(815301076,1909f56bfc062723c751e8b465ee728b)  -> (artifact id: 'a147455e68f4e02cc8d21f5e1637ae71') in 0.075825 seconds 
========================================================================
Received Import Request.
  Time since last request: 0.000369 seconds.
  path: Assets/BrokenVector/LowPolyCarPack/Prefabs/Car_4_Red.prefab
  artifactKey: Guid(6a76d3dcd348f084685cb525458806e1) Importer(815301076,1909f56bfc062723c751e8b465ee728b)
Start importing Assets/BrokenVector/LowPolyCarPack/Prefabs/Car_4_Red.prefab using Guid(6a76d3dcd348f084685cb525458806e1) Importer(815301076,1909f56bfc062723c751e8b465ee728b)  -> (artifact id: 'd7c1e69092c4e2dfd68e822dad920b39') in 0.067767 seconds 
========================================================================
Received Import Request.
  Time since last request: 0.000292 seconds.
  path: Assets/BrokenVector/LowPolyCarPack/Prefabs/Car_5_Red.prefab
  artifactKey: Guid(17683e3ffcde346458c0fa5f35c39b9c) Importer(815301076,1909f56bfc062723c751e8b465ee728b)
Start importing Assets/BrokenVector/LowPolyCarPack/Prefabs/Car_5_Red.prefab using Guid(17683e3ffcde346458c0fa5f35c39b9c) Importer(815301076,1909f56bfc062723c751e8b465ee728b)  -> (artifact id: 'd89214de37dd4420eb6385e60f887321') in 0.051373 seconds 
========================================================================
Received Import Request.
  Time since last request: 0.000254 seconds.
  path: Assets/BrokenVector/LowPolyCarPack/Prefabs/Car_4_Silver.prefab
  artifactKey: Guid(9f14ffa559e6d214db9b0ec960921311) Importer(815301076,1909f56bfc062723c751e8b465ee728b)
Start importing Assets/BrokenVector/LowPolyCarPack/Prefabs/Car_4_Silver.prefab using Guid(9f14ffa559e6d214db9b0ec960921311) Importer(815301076,1909f56bfc062723c751e8b465ee728b)  -> (artifact id: '944b3b346461c405c14367547bcaf883') in 0.046662 seconds 
========================================================================
Received Import Request.
  Time since last request: 0.000350 seconds.
  path: Assets/BrokenVector/LowPolyCarPack/Prefabs/Car_4_Green.prefab
  artifactKey: Guid(d982fd29ce6fdc74b99c0e3d69cbde8b) Importer(815301076,1909f56bfc062723c751e8b465ee728b)
Start importing Assets/BrokenVector/LowPolyCarPack/Prefabs/Car_4_Green.prefab using Guid(d982fd29ce6fdc74b99c0e3d69cbde8b) Importer(815301076,1909f56bfc062723c751e8b465ee728b)  -> (artifact id: 'f41b59309cbc0d3e6260bbc00b69fe46') in 0.051860 seconds 
========================================================================
Received Import Request.
  Time since last request: 0.000230 seconds.
  path: Assets/BrokenVector/LowPolyCarPack/Prefabs/Car_5_Purple.prefab
  artifactKey: Guid(eee6dff50f7483b44a4ea8b631baf73e) Importer(815301076,1909f56bfc062723c751e8b465ee728b)
Start importing Assets/BrokenVector/LowPolyCarPack/Prefabs/Car_5_Purple.prefab using Guid(eee6dff50f7483b44a4ea8b631baf73e) Importer(815301076,1909f56bfc062723c751e8b465ee728b)  -> (artifact id: '45c18dee88f05a93eb73d6b2ed6c9009') in 0.049331 seconds 
========================================================================
Received Import Request.
  Time since last request: 0.000332 seconds.
  path: Assets/BrokenVector/LowPolyCarPack/Prefabs/Car_5_Yellow.prefab
  artifactKey: Guid(f07b089f2dede914a900c8e34e599f38) Importer(815301076,1909f56bfc062723c751e8b465ee728b)
Start importing Assets/BrokenVector/LowPolyCarPack/Prefabs/Car_5_Yellow.prefab using Guid(f07b089f2dede914a900c8e34e599f38) Importer(815301076,1909f56bfc062723c751e8b465ee728b)  -> (artifact id: '85eccb48499d5521efd8decf51e9148b') in 0.045681 seconds 
========================================================================
Received Import Request.
  Time since last request: 0.000465 seconds.
  path: Assets/BrokenVector/LowPolyCarPack/Prefabs/Car_4_Yellow.prefab
  artifactKey: Guid(36d4f55f4428f5e44a642bf379f22c58) Importer(815301076,1909f56bfc062723c751e8b465ee728b)
Start importing Assets/BrokenVector/LowPolyCarPack/Prefabs/Car_4_Yellow.prefab using Guid(36d4f55f4428f5e44a642bf379f22c58) Importer(815301076,1909f56bfc062723c751e8b465ee728b)  -> (artifact id: '72a9d65114672c9dc8a0fea4cb331a79') in 0.050682 seconds 
========================================================================
Received Import Request.
  Time since last request: 0.000341 seconds.
  path: Assets/BrokenVector/LowPolyCarPack/Prefabs/Car_5_Green.prefab
  artifactKey: Guid(4306cd5466419674c91dc425c00e18db) Importer(815301076,1909f56bfc062723c751e8b465ee728b)
Start importing Assets/BrokenVector/LowPolyCarPack/Prefabs/Car_5_Green.prefab using Guid(4306cd5466419674c91dc425c00e18db) Importer(815301076,1909f56bfc062723c751e8b465ee728b)  -> (artifact id: 'eb37ca91fabf000abd71503abecffdbb') in 0.049835 seconds 
========================================================================
Received Import Request.
  Time since last request: 0.000294 seconds.
  path: Assets/BrokenVector/LowPolyCarPack/Prefabs/Car_4_Blue.prefab
  artifactKey: Guid(6adbac25fbbce1941addef907602c539) Importer(815301076,1909f56bfc062723c751e8b465ee728b)
Start importing Assets/BrokenVector/LowPolyCarPack/Prefabs/Car_4_Blue.prefab using Guid(6adbac25fbbce1941addef907602c539) Importer(815301076,1909f56bfc062723c751e8b465ee728b)  -> (artifact id: 'c6ebb41dc1a78d2bb89789fa923d2afc') in 0.055933 seconds 
========================================================================
Received Import Request.
  Time since last request: 0.000336 seconds.
  path: Assets/BrokenVector/LowPolyCarPack/Prefabs/Car_6_Green.prefab
  artifactKey: Guid(798591b2838b0844c90eeed933a85d3d) Importer(815301076,1909f56bfc062723c751e8b465ee728b)
Start importing Assets/BrokenVector/LowPolyCarPack/Prefabs/Car_6_Green.prefab using Guid(798591b2838b0844c90eeed933a85d3d) Importer(815301076,1909f56bfc062723c751e8b465ee728b)  -> (artifact id: 'ddd2e233afb2134fed063d08a79a0ad2') in 0.053038 seconds 
========================================================================
Received Import Request.
  Time since last request: 0.000293 seconds.
  path: Assets/BrokenVector/LowPolyCarPack/Prefabs/Car_6_Blue.prefab
  artifactKey: Guid(c69b567067453614686658c6390e4d95) Importer(815301076,1909f56bfc062723c751e8b465ee728b)
Start importing Assets/BrokenVector/LowPolyCarPack/Prefabs/Car_6_Blue.prefab using Guid(c69b567067453614686658c6390e4d95) Importer(815301076,1909f56bfc062723c751e8b465ee728b)  -> (artifact id: '3762ad59285649579392c88e85750429') in 0.045650 seconds 
========================================================================
Received Import Request.
  Time since last request: 0.000386 seconds.
  path: Assets/BrokenVector/LowPolyCarPack/Prefabs/Car_6_Purple.prefab
  artifactKey: Guid(6af8ef207cc6d8746a0713b3c5350d7b) Importer(815301076,1909f56bfc062723c751e8b465ee728b)
Start importing Assets/BrokenVector/LowPolyCarPack/Prefabs/Car_6_Purple.prefab using Guid(6af8ef207cc6d8746a0713b3c5350d7b) Importer(815301076,1909f56bfc062723c751e8b465ee728b)  -> (artifact id: '2a4e4d764097d3a4a15734c91acd3936') in 0.054515 seconds 
========================================================================
Received Import Request.
  Time since last request: 0.000381 seconds.
  path: Assets/BrokenVector/LowPolyCarPack/Prefabs/Car_5_Silver.prefab
  artifactKey: Guid(7b12ba8dfc2058c41a2bea3034f51382) Importer(815301076,1909f56bfc062723c751e8b465ee728b)
Start importing Assets/BrokenVector/LowPolyCarPack/Prefabs/Car_5_Silver.prefab using Guid(7b12ba8dfc2058c41a2bea3034f51382) Importer(815301076,1909f56bfc062723c751e8b465ee728b)  -> (artifact id: '9ca307caa1d8274aec70e245708be14f') in 0.050882 seconds 
========================================================================
Received Import Request.
  Time since last request: 0.000490 seconds.
  path: Assets/BrokenVector/LowPolyCarPack/Prefabs/Car_5_Blue.prefab
  artifactKey: Guid(bbbf9fb7447ddf442a86dd23695ed184) Importer(815301076,1909f56bfc062723c751e8b465ee728b)
Start importing Assets/BrokenVector/LowPolyCarPack/Prefabs/Car_5_Blue.prefab using Guid(bbbf9fb7447ddf442a86dd23695ed184) Importer(815301076,1909f56bfc062723c751e8b465ee728b)  -> (artifact id: 'bfe1c361f6b91792b36b5eb0ab302602') in 0.057448 seconds 
========================================================================
Received Import Request.
  Time since last request: 1.397182 seconds.
  path: Assets/BrokenVector/LowPolyCarPack/Materials/PBR/Car_Paint_Blue.mat
  artifactKey: Guid(fc6f26659e5567247a111d9247465c13) Importer(815301076,1909f56bfc062723c751e8b465ee728b)
Start importing Assets/BrokenVector/LowPolyCarPack/Materials/PBR/Car_Paint_Blue.mat using Guid(fc6f26659e5567247a111d9247465c13) Importer(815301076,1909f56bfc062723c751e8b465ee728b)  -> (artifact id: '64698178059d842780e9534cbf1190de') in 0.145552 seconds 
========================================================================
Received Import Request.
  Time since last request: 0.000330 seconds.
  path: Assets/BrokenVector/LowPolyCarPack/Materials/PBR/Car_Windows.mat
  artifactKey: Guid(2e2f85c2d31ee15459da8b5872f104f5) Importer(815301076,1909f56bfc062723c751e8b465ee728b)
Start importing Assets/BrokenVector/LowPolyCarPack/Materials/PBR/Car_Windows.mat using Guid(2e2f85c2d31ee15459da8b5872f104f5) Importer(815301076,1909f56bfc062723c751e8b465ee728b)  -> (artifact id: '1236426014a518e33b841aa90f9f3a2e') in 0.059325 seconds 
========================================================================
Received Import Request.
  Time since last request: 0.000296 seconds.
  path: Assets/BrokenVector/LowPolyCarPack/Materials/PBR/Car_Paint_Purple.mat
  artifactKey: Guid(fcf59a39d922f5b408fb9de922c1ee34) Importer(815301076,1909f56bfc062723c751e8b465ee728b)
Start importing Assets/BrokenVector/LowPolyCarPack/Materials/PBR/Car_Paint_Purple.mat using Guid(fcf59a39d922f5b408fb9de922c1ee34) Importer(815301076,1909f56bfc062723c751e8b465ee728b)  -> (artifact id: '285d62d8da9418126c8863c26858a9f1') in 0.062038 seconds 
========================================================================
Received Import Request.
  Time since last request: 0.000294 seconds.
  path: Assets/BrokenVector/LowPolyCarPack/Materials/PBR/Car_Paint_Yellow.mat
  artifactKey: Guid(4add69fc6d74a5946ae4c9a81ed429ef) Importer(815301076,1909f56bfc062723c751e8b465ee728b)
Start importing Assets/BrokenVector/LowPolyCarPack/Materials/PBR/Car_Paint_Yellow.mat using Guid(4add69fc6d74a5946ae4c9a81ed429ef) Importer(815301076,1909f56bfc062723c751e8b465ee728b)  -> (artifact id: 'da08303a1f058e79558c8dac238bd753') in 0.051174 seconds 
========================================================================
Received Import Request.
  Time since last request: 0.000249 seconds.
  path: Assets/BrokenVector/LowPolyCarPack/Materials/PBR/Car_Paint_Silver.mat
  artifactKey: Guid(2a6c8fdceeee488418663a46854ab545) Importer(815301076,1909f56bfc062723c751e8b465ee728b)
Start importing Assets/BrokenVector/LowPolyCarPack/Materials/PBR/Car_Paint_Silver.mat using Guid(2a6c8fdceeee488418663a46854ab545) Importer(815301076,1909f56bfc062723c751e8b465ee728b)  -> (artifact id: '4659614972d6bb586fe469b3f24f591a') in 0.048844 seconds 
========================================================================
Received Prepare
Registering precompiled user dll's ...
Registered in 0.011410 seconds.
Begin MonoManager ReloadAssembly
Native extension for WindowsStandalone target not found
Refreshing native plugins compatible for Editor in 0.47 ms, found 2 plugins.
Preloading 0 native plugins for Editor in 0.00 ms.
Mono: successfully reloaded assembly
- Completed reload, in  1.447 seconds
Domain Reload Profiling:
	ReloadAssembly (1448ms)
		BeginReloadAssembly (164ms)
			ExecutionOrderSort (0ms)
			DisableScriptedObjects (6ms)
			BackupInstance (0ms)
			ReleaseScriptingObjects (0ms)
			CreateAndSetChildDomain (49ms)
		EndReloadAssembly (1198ms)
			LoadAssemblies (133ms)
			RebuildTransferFunctionScriptingTraits (0ms)
			SetupTypeCache (434ms)
			ReleaseScriptCaches (1ms)
			RebuildScriptCaches (52ms)
			SetupLoadedEditorAssemblies (434ms)
				LogAssemblyErrors (0ms)
				InitializePlatformSupportModulesInManaged (6ms)
				SetLoadedEditorAssemblies (1ms)
				RefreshPlugins (1ms)
				BeforeProcessingInitializeOnLoad (104ms)
				ProcessInitializeOnLoadAttributes (294ms)
				ProcessInitializeOnLoadMethodAttributes (20ms)
				AfterProcessingInitializeOnLoad (8ms)
				EditorAssembliesLoaded (0ms)
			ExecutionOrderSort2 (0ms)
			AwakeInstancesAfterBackupRestoration (3ms)
Platform modules already initialized, skipping
Switching build target platform(19) subTarget(0) extendedPlatform(0) -> platform(13) subTarget(537395200) extendedPlatform(0)
Refreshing native plugins compatible for Editor in 0.45 ms, found 2 plugins.
Preloading 0 native plugins for Editor in 0.00 ms.
Unloading 1519 Unused Serialized files (Serialized files now loaded: 0)
System memory in use before: 75.2 MB.
System memory in use after: 75.4 MB.

Unloading 11 unused Assets to reduce memory usage. Loaded Objects now: 2022.
Total: 3.953400 ms (FindLiveObjects: 0.151900 ms CreateObjectMapping: 0.069200 ms MarkObjects: 3.696400 ms  DeleteObjects: 0.034600 ms)

AssetImportParameters requested are different than current active one (requested -> active):
  custom:framework-win-MediaFoundation: 216162199b28c13a410421893ffa2e32 -> 
  custom:video-decoder-ogg-theora: a1e56fd34408186e4bbccfd4996cb3dc -> 
  custom:container-muxer-webm: aa71ff27fc2769a1b78a27578f13a17b -> 
  custom:container-demuxer-webm: 4f35f7cbe854078d1ac9338744f61a02 -> 
  custom:container-demuxer-ogg: 62fdf1f143b41e24485cea50d1cbac27 -> 
  custom:video-encoder-webm-vp8: eb34c28f22e8b96e1ab97ce403110664 -> 
  custom:video-decoder-webm-vp8: 9c59270c3fd7afecdb556c50c9e8de78 -> 
  custom:graphics/normal-map-encoding: 01000000000000000000000000000000 -> 02000000000000000000000000000000
  custom:audio-decoder-ogg-vorbis: bf7c407c2cedff20999df2af8eb42d56 -> 
  custom:audio-encoder-webm-vorbis: bf7c407c2cedff20999df2af8eb42d56 -> 
AssetImportWorkerClient::OnTransportError - code=2 error=End of file
